00:11:27 **** Build of configuration Debug for project 001_freeRTOS_FirstSight ****
make -j8 all 
arm-none-eabi-gcc "../ThirdParty/freeRTOS/portable/MemMang/heap_4.c" -mcpu=cortex-m4 -std=gnu11 -g3 -DDEBUG -DUSE_HAL_DRIVER -DSTM32F407xx -c -I../Core/Inc -I"C:/Users/yunus/STM32CubeIDE/freeRTOS_Experiences/001_freeRTOS_FirstSight/ThirdParty/freeRTOS" -I"C:/Users/yunus/STM32CubeIDE/freeRTOS_Experiences/001_freeRTOS_FirstSight/ThirdParty/freeRTOS/include" -I"C:/Users/yunus/STM32CubeIDE/freeRTOS_Experiences/001_freeRTOS_FirstSight/ThirdParty/freeRTOS/portable/GCC/ARM_CM4F" -I../Drivers/STM32F4xx_HAL_Driver/Inc -I../Drivers/STM32F4xx_HAL_Driver/Inc/Legacy -I../Drivers/CMSIS/Device/ST/STM32F4xx/Include -I../Drivers/CMSIS/Include -O0 -ffunction-sections -fdata-sections -Wall -fstack-usage -fcyclomatic-complexity -MMD -MP -MF"ThirdParty/freeRTOS/portable/MemMang/heap_4.d" -MT"ThirdParty/freeRTOS/portable/MemMang/heap_4.o" --specs=nano.specs -mfpu=fpv4-sp-d16 -mfloat-abi=hard -mthumb -o "ThirdParty/freeRTOS/portable/MemMang/heap_4.o"
arm-none-eabi-gcc "../ThirdParty/freeRTOS/portable/GCC/ARM_CM4F/port.c" -mcpu=cortex-m4 -std=gnu11 -g3 -DDEBUG -DUSE_HAL_DRIVER -DSTM32F407xx -c -I../Core/Inc -I"C:/Users/yunus/STM32CubeIDE/freeRTOS_Experiences/001_freeRTOS_FirstSight/ThirdParty/freeRTOS" -I"C:/Users/yunus/STM32CubeIDE/freeRTOS_Experiences/001_freeRTOS_FirstSight/ThirdParty/freeRTOS/include" -I"C:/Users/yunus/STM32CubeIDE/freeRTOS_Experiences/001_freeRTOS_FirstSight/ThirdParty/freeRTOS/portable/GCC/ARM_CM4F" -I../Drivers/STM32F4xx_HAL_Driver/Inc -I../Drivers/STM32F4xx_HAL_Driver/Inc/Legacy -I../Drivers/CMSIS/Device/ST/STM32F4xx/Include -I../Drivers/CMSIS/Include -O0 -ffunction-sections -fdata-sections -Wall -fstack-usage -fcyclomatic-complexity -MMD -MP -MF"ThirdParty/freeRTOS/portable/GCC/ARM_CM4F/port.d" -MT"ThirdParty/freeRTOS/portable/GCC/ARM_CM4F/port.o" --specs=nano.specs -mfpu=fpv4-sp-d16 -mfloat-abi=hard -mthumb -o "ThirdParty/freeRTOS/portable/GCC/ARM_CM4F/port.o"
arm-none-eabi-gcc "../ThirdParty/freeRTOS/croutine.c" -mcpu=cortex-m4 -std=gnu11 -g3 -DDEBUG -DUSE_HAL_DRIVER -DSTM32F407xx -c -I../Core/Inc -I"C:/Users/yunus/STM32CubeIDE/freeRTOS_Experiences/001_freeRTOS_FirstSight/ThirdParty/freeRTOS" -I"C:/Users/yunus/STM32CubeIDE/freeRTOS_Experiences/001_freeRTOS_FirstSight/ThirdParty/freeRTOS/include" -I"C:/Users/yunus/STM32CubeIDE/freeRTOS_Experiences/001_freeRTOS_FirstSight/ThirdParty/freeRTOS/portable/GCC/ARM_CM4F" -I../Drivers/STM32F4xx_HAL_Driver/Inc -I../Drivers/STM32F4xx_HAL_Driver/Inc/Legacy -I../Drivers/CMSIS/Device/ST/STM32F4xx/Include -I../Drivers/CMSIS/Include -O0 -ffunction-sections -fdata-sections -Wall -fstack-usage -fcyclomatic-complexity -MMD -MP -MF"ThirdParty/freeRTOS/croutine.d" -MT"ThirdParty/freeRTOS/croutine.o" --specs=nano.specs -mfpu=fpv4-sp-d16 -mfloat-abi=hard -mthumb -o "ThirdParty/freeRTOS/croutine.o"
arm-none-eabi-gcc "../ThirdParty/freeRTOS/event_groups.c" -mcpu=cortex-m4 -std=gnu11 -g3 -DDEBUG -DUSE_HAL_DRIVER -DSTM32F407xx -c -I../Core/Inc -I"C:/Users/yunus/STM32CubeIDE/freeRTOS_Experiences/001_freeRTOS_FirstSight/ThirdParty/freeRTOS" -I"C:/Users/yunus/STM32CubeIDE/freeRTOS_Experiences/001_freeRTOS_FirstSight/ThirdParty/freeRTOS/include" -I"C:/Users/yunus/STM32CubeIDE/freeRTOS_Experiences/001_freeRTOS_FirstSight/ThirdParty/freeRTOS/portable/GCC/ARM_CM4F" -I../Drivers/STM32F4xx_HAL_Driver/Inc -I../Drivers/STM32F4xx_HAL_Driver/Inc/Legacy -I../Drivers/CMSIS/Device/ST/STM32F4xx/Include -I../Drivers/CMSIS/Include -O0 -ffunction-sections -fdata-sections -Wall -fstack-usage -fcyclomatic-complexity -MMD -MP -MF"ThirdParty/freeRTOS/event_groups.d" -MT"ThirdParty/freeRTOS/event_groups.o" --specs=nano.specs -mfpu=fpv4-sp-d16 -mfloat-abi=hard -mthumb -o "ThirdParty/freeRTOS/event_groups.o"
arm-none-eabi-gcc "../ThirdParty/freeRTOS/list.c" -mcpu=cortex-m4 -std=gnu11 -g3 -DDEBUG -DUSE_HAL_DRIVER -DSTM32F407xx -c -I../Core/Inc -I"C:/Users/yunus/STM32CubeIDE/freeRTOS_Experiences/001_freeRTOS_FirstSight/ThirdParty/freeRTOS" -I"C:/Users/yunus/STM32CubeIDE/freeRTOS_Experiences/001_freeRTOS_FirstSight/ThirdParty/freeRTOS/include" -I"C:/Users/yunus/STM32CubeIDE/freeRTOS_Experiences/001_freeRTOS_FirstSight/ThirdParty/freeRTOS/portable/GCC/ARM_CM4F" -I../Drivers/STM32F4xx_HAL_Driver/Inc -I../Drivers/STM32F4xx_HAL_Driver/Inc/Legacy -I../Drivers/CMSIS/Device/ST/STM32F4xx/Include -I../Drivers/CMSIS/Include -O0 -ffunction-sections -fdata-sections -Wall -fstack-usage -fcyclomatic-complexity -MMD -MP -MF"ThirdParty/freeRTOS/list.d" -MT"ThirdParty/freeRTOS/list.o" --specs=nano.specs -mfpu=fpv4-sp-d16 -mfloat-abi=hard -mthumb -o "ThirdParty/freeRTOS/list.o"
arm-none-eabi-gcc "../ThirdParty/freeRTOS/queue.c" -mcpu=cortex-m4 -std=gnu11 -g3 -DDEBUG -DUSE_HAL_DRIVER -DSTM32F407xx -c -I../Core/Inc -I"C:/Users/yunus/STM32CubeIDE/freeRTOS_Experiences/001_freeRTOS_FirstSight/ThirdParty/freeRTOS" -I"C:/Users/yunus/STM32CubeIDE/freeRTOS_Experiences/001_freeRTOS_FirstSight/ThirdParty/freeRTOS/include" -I"C:/Users/yunus/STM32CubeIDE/freeRTOS_Experiences/001_freeRTOS_FirstSight/ThirdParty/freeRTOS/portable/GCC/ARM_CM4F" -I../Drivers/STM32F4xx_HAL_Driver/Inc -I../Drivers/STM32F4xx_HAL_Driver/Inc/Legacy -I../Drivers/CMSIS/Device/ST/STM32F4xx/Include -I../Drivers/CMSIS/Include -O0 -ffunction-sections -fdata-sections -Wall -fstack-usage -fcyclomatic-complexity -MMD -MP -MF"ThirdParty/freeRTOS/queue.d" -MT"ThirdParty/freeRTOS/queue.o" --specs=nano.specs -mfpu=fpv4-sp-d16 -mfloat-abi=hard -mthumb -o "ThirdParty/freeRTOS/queue.o"
arm-none-eabi-gcc "../ThirdParty/freeRTOS/stream_buffer.c" -mcpu=cortex-m4 -std=gnu11 -g3 -DDEBUG -DUSE_HAL_DRIVER -DSTM32F407xx -c -I../Core/Inc -I"C:/Users/yunus/STM32CubeIDE/freeRTOS_Experiences/001_freeRTOS_FirstSight/ThirdParty/freeRTOS" -I"C:/Users/yunus/STM32CubeIDE/freeRTOS_Experiences/001_freeRTOS_FirstSight/ThirdParty/freeRTOS/include" -I"C:/Users/yunus/STM32CubeIDE/freeRTOS_Experiences/001_freeRTOS_FirstSight/ThirdParty/freeRTOS/portable/GCC/ARM_CM4F" -I../Drivers/STM32F4xx_HAL_Driver/Inc -I../Drivers/STM32F4xx_HAL_Driver/Inc/Legacy -I../Drivers/CMSIS/Device/ST/STM32F4xx/Include -I../Drivers/CMSIS/Include -O0 -ffunction-sections -fdata-sections -Wall -fstack-usage -fcyclomatic-complexity -MMD -MP -MF"ThirdParty/freeRTOS/stream_buffer.d" -MT"ThirdParty/freeRTOS/stream_buffer.o" --specs=nano.specs -mfpu=fpv4-sp-d16 -mfloat-abi=hard -mthumb -o "ThirdParty/freeRTOS/stream_buffer.o"
arm-none-eabi-gcc "../ThirdParty/freeRTOS/tasks.c" -mcpu=cortex-m4 -std=gnu11 -g3 -DDEBUG -DUSE_HAL_DRIVER -DSTM32F407xx -c -I../Core/Inc -I"C:/Users/yunus/STM32CubeIDE/freeRTOS_Experiences/001_freeRTOS_FirstSight/ThirdParty/freeRTOS" -I"C:/Users/yunus/STM32CubeIDE/freeRTOS_Experiences/001_freeRTOS_FirstSight/ThirdParty/freeRTOS/include" -I"C:/Users/yunus/STM32CubeIDE/freeRTOS_Experiences/001_freeRTOS_FirstSight/ThirdParty/freeRTOS/portable/GCC/ARM_CM4F" -I../Drivers/STM32F4xx_HAL_Driver/Inc -I../Drivers/STM32F4xx_HAL_Driver/Inc/Legacy -I../Drivers/CMSIS/Device/ST/STM32F4xx/Include -I../Drivers/CMSIS/Include -O0 -ffunction-sections -fdata-sections -Wall -fstack-usage -fcyclomatic-complexity -MMD -MP -MF"ThirdParty/freeRTOS/tasks.d" -MT"ThirdParty/freeRTOS/tasks.o" --specs=nano.specs -mfpu=fpv4-sp-d16 -mfloat-abi=hard -mthumb -o "ThirdParty/freeRTOS/tasks.o"
arm-none-eabi-gcc "../ThirdParty/freeRTOS/timers.c" -mcpu=cortex-m4 -std=gnu11 -g3 -DDEBUG -DUSE_HAL_DRIVER -DSTM32F407xx -c -I../Core/Inc -I"C:/Users/yunus/STM32CubeIDE/freeRTOS_Experiences/001_freeRTOS_FirstSight/ThirdParty/freeRTOS" -I"C:/Users/yunus/STM32CubeIDE/freeRTOS_Experiences/001_freeRTOS_FirstSight/ThirdParty/freeRTOS/include" -I"C:/Users/yunus/STM32CubeIDE/freeRTOS_Experiences/001_freeRTOS_FirstSight/ThirdParty/freeRTOS/portable/GCC/ARM_CM4F" -I../Drivers/STM32F4xx_HAL_Driver/Inc -I../Drivers/STM32F4xx_HAL_Driver/Inc/Legacy -I../Drivers/CMSIS/Device/ST/STM32F4xx/Include -I../Drivers/CMSIS/Include -O0 -ffunction-sections -fdata-sections -Wall -fstack-usage -fcyclomatic-complexity -MMD -MP -MF"ThirdParty/freeRTOS/timers.d" -MT"ThirdParty/freeRTOS/timers.o" --specs=nano.specs -mfpu=fpv4-sp-d16 -mfloat-abi=hard -mthumb -o "ThirdParty/freeRTOS/timers.o"
arm-none-eabi-gcc "../ThirdParty/SEGGER/SEGGER/Syscalls/SEGGER_RTT_Syscalls_GCC.c" -mcpu=cortex-m4 -std=gnu11 -g3 -DDEBUG -DUSE_HAL_DRIVER -DSTM32F407xx -c -I../Core/Inc -I"C:/Users/yunus/STM32CubeIDE/freeRTOS_Experiences/001_freeRTOS_FirstSight/ThirdParty/freeRTOS" -I"C:/Users/yunus/STM32CubeIDE/freeRTOS_Experiences/001_freeRTOS_FirstSight/ThirdParty/freeRTOS/include" -I"C:/Users/yunus/STM32CubeIDE/freeRTOS_Experiences/001_freeRTOS_FirstSight/ThirdParty/freeRTOS/portable/GCC/ARM_CM4F" -I../Drivers/STM32F4xx_HAL_Driver/Inc -I../Drivers/STM32F4xx_HAL_Driver/Inc/Legacy -I../Drivers/CMSIS/Device/ST/STM32F4xx/Include -I../Drivers/CMSIS/Include -O0 -ffunction-sections -fdata-sections -Wall -fstack-usage -fcyclomatic-complexity -MMD -MP -MF"ThirdParty/SEGGER/SEGGER/Syscalls/SEGGER_RTT_Syscalls_GCC.d" -MT"ThirdParty/SEGGER/SEGGER/Syscalls/SEGGER_RTT_Syscalls_GCC.o" --specs=nano.specs -mfpu=fpv4-sp-d16 -mfloat-abi=hard -mthumb -o "ThirdParty/SEGGER/SEGGER/Syscalls/SEGGER_RTT_Syscalls_GCC.o"
arm-none-eabi-gcc "../ThirdParty/SEGGER/SEGGER/SEGGER_RTT.c" -mcpu=cortex-m4 -std=gnu11 -g3 -DDEBUG -DUSE_HAL_DRIVER -DSTM32F407xx -c -I../Core/Inc -I"C:/Users/yunus/STM32CubeIDE/freeRTOS_Experiences/001_freeRTOS_FirstSight/ThirdParty/freeRTOS" -I"C:/Users/yunus/STM32CubeIDE/freeRTOS_Experiences/001_freeRTOS_FirstSight/ThirdParty/freeRTOS/include" -I"C:/Users/yunus/STM32CubeIDE/freeRTOS_Experiences/001_freeRTOS_FirstSight/ThirdParty/freeRTOS/portable/GCC/ARM_CM4F" -I../Drivers/STM32F4xx_HAL_Driver/Inc -I../Drivers/STM32F4xx_HAL_Driver/Inc/Legacy -I../Drivers/CMSIS/Device/ST/STM32F4xx/Include -I../Drivers/CMSIS/Include -O0 -ffunction-sections -fdata-sections -Wall -fstack-usage -fcyclomatic-complexity -MMD -MP -MF"ThirdParty/SEGGER/SEGGER/SEGGER_RTT.d" -MT"ThirdParty/SEGGER/SEGGER/SEGGER_RTT.o" --specs=nano.specs -mfpu=fpv4-sp-d16 -mfloat-abi=hard -mthumb -o "ThirdParty/SEGGER/SEGGER/SEGGER_RTT.o"
arm-none-eabi-gcc -mcpu=cortex-m4 -g3 -DDEBUG -c -x assembler-with-cpp -MMD -MP -MF"ThirdParty/SEGGER/SEGGER/SEGGER_RTT_ASM_ARMv7M.d" -MT"ThirdParty/SEGGER/SEGGER/SEGGER_RTT_ASM_ARMv7M.o" --specs=nano.specs -mfpu=fpv4-sp-d16 -mfloat-abi=hard -mthumb -o "ThirdParty/SEGGER/SEGGER/SEGGER_RTT_ASM_ARMv7M.o" "../ThirdParty/SEGGER/SEGGER/SEGGER_RTT_ASM_ARMv7M.S"
arm-none-eabi-gcc "../ThirdParty/SEGGER/SEGGER/SEGGER_RTT_printf.c" -mcpu=cortex-m4 -std=gnu11 -g3 -DDEBUG -DUSE_HAL_DRIVER -DSTM32F407xx -c -I../Core/Inc -I"C:/Users/yunus/STM32CubeIDE/freeRTOS_Experiences/001_freeRTOS_FirstSight/ThirdParty/freeRTOS" -I"C:/Users/yunus/STM32CubeIDE/freeRTOS_Experiences/001_freeRTOS_FirstSight/ThirdParty/freeRTOS/include" -I"C:/Users/yunus/STM32CubeIDE/freeRTOS_Experiences/001_freeRTOS_FirstSight/ThirdParty/freeRTOS/portable/GCC/ARM_CM4F" -I../Drivers/STM32F4xx_HAL_Driver/Inc -I../Drivers/STM32F4xx_HAL_Driver/Inc/Legacy -I../Drivers/CMSIS/Device/ST/STM32F4xx/Include -I../Drivers/CMSIS/Include -O0 -ffunction-sections -fdata-sections -Wall -fstack-usage -fcyclomatic-complexity -MMD -MP -MF"ThirdParty/SEGGER/SEGGER/SEGGER_RTT_printf.d" -MT"ThirdParty/SEGGER/SEGGER/SEGGER_RTT_printf.o" --specs=nano.specs -mfpu=fpv4-sp-d16 -mfloat-abi=hard -mthumb -o "ThirdParty/SEGGER/SEGGER/SEGGER_RTT_printf.o"
../ThirdParty/SEGGER/SEGGER/Syscalls/SEGGER_RTT_Syscalls_GCC.c:59:10: fatal error: SEGGER_RTT.h: No such file or directory
   59 | #include "SEGGER_RTT.h"
      |          ^~~~~~~~~~~~~~
compilation terminated.
In file included from ../ThirdParty/SEGGER/SEGGER/SEGGER_RTT.c:76:
../ThirdParty/SEGGER/SEGGER/SEGGER_RTT.h:60:10: fatal error: SEGGER_RTT_Conf.h: No such file or directory
   60 | #include "SEGGER_RTT_Conf.h"
      |          ^~~~~~~~~~~~~~~~~~~
compilation terminated.
arm-none-eabi-gcc "../ThirdParty/SEGGER/SEGGER/SEGGER_SYSVIEW.c" -mcpu=cortex-m4 -std=gnu11 -g3 -DDEBUG -DUSE_HAL_DRIVER -DSTM32F407xx -c -I../Core/Inc -I"C:/Users/yunus/STM32CubeIDE/freeRTOS_Experiences/001_freeRTOS_FirstSight/ThirdParty/freeRTOS" -I"C:/Users/yunus/STM32CubeIDE/freeRTOS_Experiences/001_freeRTOS_FirstSight/ThirdParty/freeRTOS/include" -I"C:/Users/yunus/STM32CubeIDE/freeRTOS_Experiences/001_freeRTOS_FirstSight/ThirdParty/freeRTOS/portable/GCC/ARM_CM4F" -I../Drivers/STM32F4xx_HAL_Driver/Inc -I../Drivers/STM32F4xx_HAL_Driver/Inc/Legacy -I../Drivers/CMSIS/Device/ST/STM32F4xx/Include -I../Drivers/CMSIS/Include -O0 -ffunction-sections -fdata-sections -Wall -fstack-usage -fcyclomatic-complexity -MMD -MP -MF"ThirdParty/SEGGER/SEGGER/SEGGER_SYSVIEW.d" -MT"ThirdParty/SEGGER/SEGGER/SEGGER_SYSVIEW.o" --specs=nano.specs -mfpu=fpv4-sp-d16 -mfloat-abi=hard -mthumb -o "ThirdParty/SEGGER/SEGGER/SEGGER_SYSVIEW.o"
In file included from ../ThirdParty/SEGGER/SEGGER/SEGGER_RTT_ASM_ARMv7M.S:18:
../ThirdParty/SEGGER/SEGGER/SEGGER_RTT.h:60:10: fatal error: SEGGER_RTT_Conf.h: No such file or directory
   60 | #include "SEGGER_RTT_Conf.h"
      |          ^~~~~~~~~~~~~~~~~~~
make: *** [ThirdParty/SEGGER/SEGGER/Syscalls/subdir.mk:19: ThirdParty/SEGGER/SEGGER/Syscalls/SEGGER_RTT_Syscalls_GCC.o] Error 1
make: *** Waiting for unfinished jobs....
make: *** [ThirdParty/SEGGER/SEGGER/subdir.mk:32: ThirdParty/SEGGER/SEGGER/SEGGER_RTT.o] Error 1
compilation terminated.
In file included from ../ThirdParty/SEGGER/SEGGER/SEGGER_RTT_printf.c:54:
../ThirdParty/SEGGER/SEGGER/SEGGER_RTT.h:60:10: fatal error: SEGGER_RTT_Conf.h: No such file or directory
   60 | #include "SEGGER_RTT_Conf.h"
      |          ^~~~~~~~~~~~~~~~~~~
compilation terminated.
make: *** [ThirdParty/SEGGER/SEGGER/subdir.mk:34: ThirdParty/SEGGER/SEGGER/SEGGER_RTT_ASM_ARMv7M.o] Error 1
make: *** [ThirdParty/SEGGER/SEGGER/subdir.mk:32: ThirdParty/SEGGER/SEGGER/SEGGER_RTT_printf.o] Error 1
In file included from ../ThirdParty/SEGGER/SEGGER/SEGGER_SYSVIEW.h:64,
                 from ../ThirdParty/SEGGER/SEGGER/SEGGER_SYSVIEW_Int.h:64,
                 from ../ThirdParty/SEGGER/SEGGER/SEGGER_SYSVIEW.c:146:
../ThirdParty/SEGGER/SEGGER/SEGGER.h:59:10: fatal error: Global.h: No such file or directory
   59 | #include "Global.h"         // Type definitions: U8, U16, U32, I8, I16, I32
      |          ^~~~~~~~~~
compilation terminated.
make: *** [ThirdParty/SEGGER/SEGGER/subdir.mk:32: ThirdParty/SEGGER/SEGGER/SEGGER_SYSVIEW.o] Error 1
"make -j8 all" terminated with exit code 2. Build might be incomplete.
